2020-28-08 09:50:00   INFO [libs.ActionsWithOurElements] : Test CompanyName Edit was inputted into input 
2020-28-08 09:50:00   INFO [libs.ActionsWithOurElements] : 88888888 was inputted into input 
2020-28-08 09:50:01   INFO [libs.ActionsWithOurElements] : Test Representative Edit was inputted into input 
2020-28-08 09:50:01   INFO [libs.ActionsWithOurElements] : Element was clicked
2020-28-08 09:50:01   INFO [libs.ActionsWithOurElements] : Element was clicked
2020-28-08 09:50:01   INFO [libs.ActionsWithOurElements] : Element was clicked
2020-28-08 09:50:01   INFO [libs.ActionsWithOurElements] : Element was clicked
2020-28-08 09:50:11   INFO [pages.LoginPage] : LoginPage was opened
2020-28-08 09:50:11   INFO [libs.ActionsWithOurElements] : troianwork@gmail.com was inputted into input 
2020-28-08 09:50:11   INFO [libs.ActionsWithOurElements] : 1q2w3e4r5t was inputted into input 
2020-28-08 09:50:11   INFO [pages.LoginPage] : Button enter was clicked
2020-28-08 09:50:12   INFO [libs.ActionsWithOurElements] : Element was clicked
2020-28-08 09:50:13   INFO [libs.ActionsWithOurElements] : Element was clicked
2020-28-08 09:50:13   INFO [libs.ActionsWithOurElements] : Element was clicked
2020-28-08 09:50:13   INFO [libs.ActionsWithOurElements] : Test FullName was inputted into input 
2020-28-08 09:50:13   INFO [libs.ActionsWithOurElements] : Test@email was inputted into input 
2020-28-08 09:50:13   INFO [libs.ActionsWithOurElements] : 55555 was inputted into input 
2020-28-08 09:50:13   INFO [libs.ActionsWithOurElements] : Element was clicked
2020-28-08 09:50:13   INFO [libs.ActionsWithOurElements] : Element was clicked
2020-28-08 09:50:14   INFO [libs.ActionsWithOurElements] : Element was clicked
2020-28-08 09:50:14   INFO [libs.ActionsWithOurElements] : Element was clicked
2020-28-08 09:50:15   INFO [libs.ActionsWithOurElements] : Element was clicked
2020-28-08 09:50:15   INFO [libs.ActionsWithOurElements] : Element was clicked
2020-28-08 09:50:23   INFO [pages.LoginPage] : LoginPage was opened
2020-28-08 09:50:23   INFO [libs.ActionsWithOurElements] : troianwork@gmail.com was inputted into input 
2020-28-08 09:50:23   INFO [libs.ActionsWithOurElements] : 1q2w3e4r5t was inputted into input 
2020-28-08 09:50:23   INFO [pages.LoginPage] : Button enter was clicked
2020-28-08 09:50:24   INFO [libs.ActionsWithOurElements] : Element was clicked
2020-28-08 09:50:25   INFO [libs.ActionsWithOurElements] : Element was clicked
2020-28-08 09:50:25   INFO [libs.ActionsWithOurElements] : Element was clicked
2020-28-08 09:50:25   INFO [libs.ActionsWithOurElements] : Test FullName was inputted into input 
2020-28-08 09:50:25   INFO [libs.ActionsWithOurElements] : Test@email was inputted into input 
2020-28-08 09:50:26   INFO [libs.ActionsWithOurElements] : 55555 was inputted into input 
2020-28-08 09:50:26   INFO [libs.ActionsWithOurElements] : Element was clicked
2020-28-08 09:50:26   INFO [libs.ActionsWithOurElements] : Element was clicked
2020-28-08 09:50:26   INFO [libs.ActionsWithOurElements] : Element was clicked
2020-28-08 09:50:27   INFO [libs.ActionsWithOurElements] : Name of company was inputted into input 
2020-28-08 09:50:27   INFO [libs.ActionsWithOurElements] : Click search button
2020-28-08 09:50:27   INFO [libs.ActionsWithOurElements] : Element was clicked
2020-28-08 09:50:27   INFO [libs.ActionsWithOurElements] : Element was clicked
2020-28-08 09:50:27   INFO [libs.ActionsWithOurElements] : Element was clicked
2020-28-08 09:50:38   INFO [pages.LoginPage] : LoginPage was opened
2020-28-08 09:50:38   INFO [libs.ActionsWithOurElements] : troianwork@gmail.com was inputted into input 
2020-28-08 09:50:38   INFO [libs.ActionsWithOurElements] : 1q2w3e4r5t was inputted into input 
2020-28-08 09:50:38   INFO [pages.LoginPage] : Button enter was clicked
2020-28-08 09:50:39   INFO [libs.ActionsWithOurElements] : Element was clicked
2020-28-08 09:50:40   INFO [libs.ActionsWithOurElements] : Element was clicked
2020-28-08 09:50:40   INFO [libs.ActionsWithOurElements] : Element was clicked
2020-28-08 09:50:40   INFO [libs.ActionsWithOurElements] : Test FullName was inputted into input 
2020-28-08 09:50:41   INFO [libs.ActionsWithOurElements] : Test@email was inputted into input 
2020-28-08 09:50:41   INFO [libs.ActionsWithOurElements] : 55555 was inputted into input 
2020-28-08 09:50:41   INFO [libs.ActionsWithOurElements] : Element was clicked
2020-28-08 09:50:41   INFO [libs.ActionsWithOurElements] : Element was clicked
2020-28-08 09:50:41   INFO [libs.ActionsWithOurElements] : Element was clicked
2020-28-08 09:50:42   INFO [libs.ActionsWithOurElements] : Test@email was inputted into input 
2020-28-08 09:50:42   INFO [libs.ActionsWithOurElements] : Click search button
2020-28-08 09:50:42   INFO [libs.ActionsWithOurElements] : Element was clicked
2020-28-08 09:50:42   INFO [libs.ActionsWithOurElements] : Element was clicked
2020-28-08 09:50:42   INFO [libs.ActionsWithOurElements] : Element was clicked
2020-28-08 09:50:51   INFO [pages.LoginPage] : LoginPage was opened
2020-28-08 09:50:51   INFO [libs.ActionsWithOurElements] : troianwork@gmail.com was inputted into input 
2020-28-08 09:50:52   INFO [libs.ActionsWithOurElements] : 1q2w3e4r5t was inputted into input 
2020-28-08 09:50:52   INFO [pages.LoginPage] : Button enter was clicked
2020-28-08 09:50:53   INFO [libs.ActionsWithOurElements] : Element was clicked
2020-28-08 09:50:53   INFO [libs.ActionsWithOurElements] : Element was clicked
2020-28-08 09:50:53   INFO [libs.ActionsWithOurElements] : Element was clicked
2020-28-08 09:50:53   INFO [libs.ActionsWithOurElements] : Test FullName was inputted into input 
2020-28-08 09:50:54   INFO [libs.ActionsWithOurElements] : Test@email was inputted into input 
2020-28-08 09:50:54   INFO [libs.ActionsWithOurElements] : 55555 was inputted into input 
2020-28-08 09:50:54   INFO [libs.ActionsWithOurElements] : Element was clicked
2020-28-08 09:50:54   INFO [libs.ActionsWithOurElements] : Element was clicked
2020-28-08 09:50:54   INFO [libs.ActionsWithOurElements] : Element was clicked
2020-28-08 09:50:55   INFO [libs.ActionsWithOurElements] : Test FullName was inputted into input 
2020-28-08 09:50:55   INFO [libs.ActionsWithOurElements] : Click search button
2020-28-08 09:50:55   INFO [libs.ActionsWithOurElements] : Element was clicked
2020-28-08 09:50:55   INFO [libs.ActionsWithOurElements] : Element was clicked
2020-28-08 09:50:56   INFO [libs.ActionsWithOurElements] : Element was clicked
2020-28-08 09:51:03   INFO [pages.LoginPage] : LoginPage was opened
2020-28-08 09:51:03   INFO [libs.ActionsWithOurElements] : troianwork@gmail.com was inputted into input 
2020-28-08 09:51:03   INFO [libs.ActionsWithOurElements] : 1q2w3e4r5t was inputted into input 
2020-28-08 09:51:03   INFO [pages.LoginPage] : Button enter was clicked
2020-28-08 09:51:05   INFO [libs.ActionsWithOurElements] : Element was clicked
2020-28-08 09:51:06   INFO [libs.ActionsWithOurElements] : Element was clicked
2020-28-08 09:51:06   INFO [libs.ActionsWithOurElements] : Element was clicked
2020-28-08 09:51:06   INFO [libs.ActionsWithOurElements] : Test FullName was inputted into input 
2020-28-08 09:51:06   INFO [libs.ActionsWithOurElements] : Test@email was inputted into input 
2020-28-08 09:51:06   INFO [libs.ActionsWithOurElements] : 55555 was inputted into input 
2020-28-08 09:51:07   INFO [libs.ActionsWithOurElements] : Element was clicked
2020-28-08 09:51:07   INFO [libs.ActionsWithOurElements] : Element was clicked
2020-28-08 09:51:07   INFO [libs.ActionsWithOurElements] : Element was clicked
2020-28-08 09:51:08   INFO [libs.ActionsWithOurElements] : Element was clicked
2020-28-08 09:51:08   INFO [libs.ActionsWithOurElements] : Test CompanyName Edit was inputted into input 
2020-28-08 09:51:08   INFO [libs.ActionsWithOurElements] : Test@email EDIT was inputted into input 
2020-28-08 09:51:08   INFO [libs.ActionsWithOurElements] : 44444444 was inputted into input 
2020-28-08 09:51:09   INFO [libs.ActionsWithOurElements] : Element was clicked
2020-28-08 09:51:09   INFO [libs.ActionsWithOurElements] : Element was clicked
2020-28-08 09:51:09   INFO [libs.ActionsWithOurElements] : Element was clicked
2020-28-08 09:51:09   INFO [libs.ActionsWithOurElements] : Element was clicked
2020-28-08 09:51:16   INFO [pages.LoginPage] : LoginPage was opened
2020-28-08 09:51:16   INFO [libs.ActionsWithOurElements] : troianwork@gmail.com was inputted into input 
2020-28-08 09:51:16   INFO [libs.ActionsWithOurElements] : 1q2w3e4r5t was inputted into input 
2020-28-08 09:51:16   INFO [pages.LoginPage] : Button enter was clicked
2020-28-08 09:51:18   INFO [libs.ActionsWithOurElements] : Element was clicked
2020-28-08 09:51:18   INFO [libs.ActionsWithOurElements] : Element was clicked
2020-28-08 09:51:18   INFO [libs.ActionsWithOurElements] : Element was clicked
2020-28-08 09:51:19   INFO [libs.ActionsWithOurElements] : Ukrtest was inputted into input 
2020-28-08 09:51:19   INFO [libs.ActionsWithOurElements] : LAT346 was inputted into input 
2020-28-08 09:51:19   INFO [libs.ActionsWithOurElements] : Element Enter was clicked
2020-28-08 09:51:19   INFO [libs.ActionsWithOurElements] : Element was clicked
2020-28-08 09:51:19   INFO [libs.ActionsWithOurElements] : Element was clicked
2020-28-08 09:51:19   INFO [libs.ActionsWithOurElements] : Element was clicked
2020-28-08 09:51:30   INFO [pages.LoginPage] : LoginPage was opened
2020-28-08 09:51:30   INFO [libs.ActionsWithOurElements] : troianwork@gmail.com was inputted into input 
2020-28-08 09:51:30   INFO [libs.ActionsWithOurElements] : 1q2w3e4r5t was inputted into input 
2020-28-08 09:51:30   INFO [pages.LoginPage] : Button enter was clicked
2020-28-08 09:51:31   INFO [libs.ActionsWithOurElements] : Element was clicked
2020-28-08 09:51:32   INFO [libs.ActionsWithOurElements] : Element was clicked
2020-28-08 09:51:32   INFO [libs.ActionsWithOurElements] : Element was clicked
2020-28-08 09:51:32   INFO [libs.ActionsWithOurElements] : Ukrtest was inputted into input 
2020-28-08 09:51:33   INFO [libs.ActionsWithOurElements] : LAT346 was inputted into input 
2020-28-08 09:51:33   INFO [libs.ActionsWithOurElements] : Element Enter was clicked
2020-28-08 09:51:33   INFO [libs.ActionsWithOurElements] : Element was clicked
2020-28-08 09:51:33   INFO [libs.ActionsWithOurElements] : Ukrtest was inputted into input 
2020-28-08 09:51:33   INFO [libs.ActionsWithOurElements] : Click search button
2020-28-08 09:51:33   INFO [libs.ActionsWithOurElements] : Element was clicked
2020-28-08 09:51:33   INFO [libs.ActionsWithOurElements] : Element was clicked
2020-28-08 09:51:43   INFO [pages.LoginPage] : LoginPage was opened
2020-28-08 09:51:44   INFO [libs.ActionsWithOurElements] : troianwork@gmail.com was inputted into input 
2020-28-08 09:51:44   INFO [libs.ActionsWithOurElements] : 1q2w3e4r5t was inputted into input 
2020-28-08 09:51:44   INFO [pages.LoginPage] : Button enter was clicked
2020-28-08 09:51:45   INFO [libs.ActionsWithOurElements] : Element was clicked
2020-28-08 09:51:46   INFO [libs.ActionsWithOurElements] : Element was clicked
2020-28-08 09:51:46   INFO [libs.ActionsWithOurElements] : Element was clicked
2020-28-08 09:51:46   INFO [libs.ActionsWithOurElements] : Ukrtest was inputted into input 
2020-28-08 09:51:46   INFO [libs.ActionsWithOurElements] : LAT346 was inputted into input 
2020-28-08 09:51:46   INFO [libs.ActionsWithOurElements] : Element Enter was clicked
2020-28-08 09:51:47   INFO [libs.ActionsWithOurElements] : Element was clicked
2020-28-08 09:51:47   INFO [libs.ActionsWithOurElements] : Element was clicked
2020-28-08 09:51:47   INFO [libs.ActionsWithOurElements] : Element was clicked
2020-28-08 09:51:47   INFO [libs.ActionsWithOurElements] : Element was clicked
2020-28-08 09:51:47   INFO [libs.ActionsWithOurElements] : Element was clicked
2020-28-08 09:51:48   INFO [libs.ActionsWithOurElements] : Element was clicked
2020-28-08 09:51:48   INFO [libs.ActionsWithOurElements] : Element was clicked
2020-28-08 09:51:58   INFO [pages.LoginPage] : LoginPage was opened
2020-28-08 09:51:58   INFO [libs.ActionsWithOurElements] : troianwork@gmail.com was inputted into input 
2020-28-08 09:51:58   INFO [libs.ActionsWithOurElements] : 1q2w3e4r5t was inputted into input 
2020-28-08 09:51:58   INFO [pages.LoginPage] : Button enter was clicked
2020-28-08 09:51:59   INFO [libs.ActionsWithOurElements] : Element was clicked
2020-28-08 09:51:59   INFO [libs.ActionsWithOurElements] : Element was clicked
2020-28-08 09:52:00   INFO [libs.ActionsWithOurElements] : Element was clicked
2020-28-08 09:52:00   INFO [libs.ActionsWithOurElements] : Element was clicked
2020-28-08 09:52:01   INFO [libs.ActionsWithOurElements] : Spain was inputted into input 
2020-28-08 09:52:01   INFO [libs.ActionsWithOurElements] : Element was clicked
2020-28-08 09:52:01   INFO [libs.ActionsWithOurElements] : Element was clicked
2020-28-08 09:52:01   INFO [libs.ActionsWithOurElements] : Click save button
2020-28-08 09:52:01   INFO [libs.ActionsWithOurElements] : Spain was inputted into input 
2020-28-08 09:52:01   INFO [libs.ActionsWithOurElements] : Click search button
2020-28-08 09:52:01   INFO [libs.ActionsWithOurElements] : Element was clicked
2020-28-08 09:52:02   INFO [libs.ActionsWithOurElements] : Element was clicked
2020-28-08 09:52:02   INFO [libs.ActionsWithOurElements] : Element was clicked
2020-28-08 09:52:09   INFO [pages.LoginPage] : LoginPage was opened
2020-28-08 09:52:09   INFO [libs.ActionsWithOurElements] : troianwork@gmail.com was inputted into input 
2020-28-08 09:52:09   INFO [libs.ActionsWithOurElements] : 1q2w3e4r5t was inputted into input 
2020-28-08 09:52:09   INFO [pages.LoginPage] : Button enter was clicked
2020-28-08 09:52:10   INFO [libs.ActionsWithOurElements] : Element was clicked
2020-28-08 09:52:11   INFO [libs.ActionsWithOurElements] : Element was clicked
2020-28-08 09:52:11   INFO [libs.ActionsWithOurElements] : Element was clicked
2020-28-08 09:52:12   INFO [libs.ActionsWithOurElements] : Element was clicked
2020-28-08 09:52:12   INFO [libs.ActionsWithOurElements] : Spain was inputted into input 
2020-28-08 09:52:12   INFO [libs.ActionsWithOurElements] : Element was clicked
2020-28-08 09:52:12   INFO [libs.ActionsWithOurElements] : Element was clicked
2020-28-08 09:52:13   INFO [libs.ActionsWithOurElements] : Click save button
2020-28-08 09:52:13   INFO [libs.ActionsWithOurElements] : Element was clicked
2020-28-08 09:52:14   INFO [libs.ActionsWithOurElements] : Element was clicked
2020-28-08 09:52:14   INFO [libs.ActionsWithOurElements] : Element was clicked
2020-28-08 09:52:22   INFO [pages.LoginPage] : LoginPage was opened
2020-28-08 09:52:22   INFO [libs.ActionsWithOurElements] : troianwork@gmail.com was inputted into input 
2020-28-08 09:52:22   INFO [libs.ActionsWithOurElements] : 1q2w3e4r5t was inputted into input 
2020-28-08 09:52:22   INFO [pages.LoginPage] : Button enter was clicked
2020-28-08 09:52:23   INFO [libs.ActionsWithOurElements] : Element was clicked
2020-28-08 09:52:24   INFO [libs.ActionsWithOurElements] : Element was clicked
2020-28-08 09:52:32   INFO [pages.LoginPage] : LoginPage was opened
2020-28-08 09:52:33   INFO [libs.ActionsWithOurElements] : troianwork@gmail.com was inputted into input 
2020-28-08 09:52:33   INFO [libs.ActionsWithOurElements] : 1q2w3e4r5t was inputted into input 
2020-28-08 09:52:33   INFO [pages.LoginPage] : Button enter was clicked
2020-28-08 09:52:34   INFO [libs.ActionsWithOurElements] : Element was clicked
2020-28-08 09:52:35   INFO [libs.ActionsWithOurElements] : Element was clicked
2020-28-08 09:52:35   INFO [libs.ActionsWithOurElements] : FLH-6C54 was inputted into input 
2020-28-08 09:52:35   INFO [libs.ActionsWithOurElements] : Click search button
2020-28-08 09:52:44   INFO [pages.LoginPage] : LoginPage was opened
2020-28-08 09:52:44   INFO [libs.ActionsWithOurElements] : troianwork@gmail.com was inputted into input 
2020-28-08 09:52:45   INFO [libs.ActionsWithOurElements] : 1q2w3e4r5t was inputted into input 
2020-28-08 09:52:45   INFO [pages.LoginPage] : Button enter was clicked
2020-28-08 09:52:46   INFO [libs.ActionsWithOurElements] : Element was clicked
2020-28-08 09:52:46   INFO [libs.ActionsWithOurElements] : Element was clicked
2020-28-08 09:52:47   INFO [libs.ActionsWithOurElements] : 123124 was inputted into input 
2020-28-08 09:52:47   INFO [libs.ActionsWithOurElements] : Click search button
2020-28-08 09:52:56   INFO [pages.LoginPage] : LoginPage was opened
2020-28-08 09:52:56   INFO [libs.ActionsWithOurElements] : troianwork@gmail.com was inputted into input 
2020-28-08 09:52:56   INFO [libs.ActionsWithOurElements] : 1q2w3e4r5t was inputted into input 
2020-28-08 09:52:56   INFO [pages.LoginPage] : Button enter was clicked
2020-28-08 09:52:58   INFO [libs.ActionsWithOurElements] : Element was clicked
2020-28-08 09:52:58   INFO [libs.ActionsWithOurElements] : Element was clicked
2020-28-08 09:52:59   INFO [libs.ActionsWithOurElements] : FLH-6C54 was inputted into input 
2020-28-08 09:52:59   INFO [libs.ActionsWithOurElements] : Click search button
2020-28-08 09:53:09   INFO [pages.LoginPage] : LoginPage was opened
2020-28-08 09:53:09   INFO [libs.ActionsWithOurElements] : troianwork@gmail.com was inputted into input 
2020-28-08 09:53:10   INFO [libs.ActionsWithOurElements] : 1q2w3e4r5t was inputted into input 
2020-28-08 09:53:10   INFO [pages.LoginPage] : Button enter was clicked
2020-28-08 09:53:11   INFO [libs.ActionsWithOurElements] : Element was clicked
2020-28-08 09:53:12   INFO [libs.ActionsWithOurElements] : Element was clicked
2020-28-08 09:53:12   INFO [libs.ActionsWithOurElements] : FLH-6C54 was inputted into input 
2020-28-08 09:53:12   INFO [libs.ActionsWithOurElements] : Click search button
2020-28-08 09:53:23   INFO [pages.LoginPage] : LoginPage was opened
2020-28-08 09:53:23   INFO [libs.ActionsWithOurElements] : troianwork@gmail.com was inputted into input 
2020-28-08 09:53:23   INFO [libs.ActionsWithOurElements] : 1q2w3e4r5t was inputted into input 
2020-28-08 09:53:23   INFO [pages.LoginPage] : Button enter was clicked
2020-28-08 09:53:24   INFO [libs.ActionsWithOurElements] : Element was clicked
2020-28-08 09:53:25   INFO [libs.ActionsWithOurElements] : Element was clicked
2020-28-08 09:53:25   INFO [libs.ActionsWithOurElements] : Element was clicked
2020-28-08 09:53:56   INFO [pages.LoginPage] : LoginPage was opened
2020-28-08 09:53:57   INFO [libs.ActionsWithOurElements] : troianwork@gmail.com was inputted into input 
2020-28-08 09:53:57   INFO [libs.ActionsWithOurElements] : 1q2w3e4r5t was inputted into input 
2020-28-08 09:53:57   INFO [pages.LoginPage] : Button enter was clicked
2020-28-08 09:53:58   INFO [libs.ActionsWithOurElements] : Element was clicked
2020-28-08 09:53:59   INFO [libs.ActionsWithOurElements] : Element was clicked
2020-28-08 09:53:59   INFO [libs.ActionsWithOurElements] : FLH-6C54 was inputted into input 
2020-28-08 09:53:59   INFO [libs.ActionsWithOurElements] : Click search button
2020-28-08 09:54:07   INFO [pages.LoginPage] : LoginPage was opened
2020-28-08 09:54:07   INFO [libs.ActionsWithOurElements] : troianwork@gmail.com was inputted into input 
2020-28-08 09:54:08   INFO [libs.ActionsWithOurElements] : 1q2w3e4r5t was inputted into input 
2020-28-08 09:54:08   INFO [pages.LoginPage] : Button enter was clicked
2020-28-08 09:54:09   INFO [libs.ActionsWithOurElements] : Element was clicked
2020-28-08 09:54:09   INFO [libs.ActionsWithOurElements] : Element was clicked
2020-28-08 09:54:10   INFO [libs.ActionsWithOurElements] : FLH-6C54 was inputted into input 
2020-28-08 09:54:10   INFO [libs.ActionsWithOurElements] : Click search button
2020-28-08 09:54:18   INFO [pages.LoginPage] : LoginPage was opened
2020-28-08 09:54:18   INFO [libs.ActionsWithOurElements] : troianwork@gmail.com was inputted into input 
2020-28-08 09:54:18   INFO [libs.ActionsWithOurElements] : 1q2w3e4r5t was inputted into input 
2020-28-08 09:54:18   INFO [pages.LoginPage] : Button enter was clicked
2020-28-08 09:54:20   INFO [libs.ActionsWithOurElements] : Element was clicked
2020-28-08 09:54:20   INFO [libs.ActionsWithOurElements] : Element was clicked
2020-28-08 09:54:21   INFO [libs.ActionsWithOurElements] : AA007 was inputted into input 
2020-28-08 09:54:21   INFO [libs.ActionsWithOurElements] : Click search button
2020-28-08 09:54:28   INFO [pages.LoginPage] : LoginPage was opened
2020-28-08 09:54:28   INFO [libs.ActionsWithOurElements] : troianwork@gmail.com was inputted into input 
2020-28-08 09:54:29   INFO [libs.ActionsWithOurElements] : 1q2w3e4r5t was inputted into input 
2020-28-08 09:54:29   INFO [pages.LoginPage] : Button enter was clicked
2020-28-08 09:54:31   INFO [libs.ActionsWithOurElements] : Element was clicked
2020-28-08 09:54:31   INFO [libs.ActionsWithOurElements] : Element was clicked
2020-28-08 09:54:32   INFO [libs.ActionsWithOurElements] : 37066755779 was inputted into input 
2020-28-08 09:54:32   INFO [libs.ActionsWithOurElements] : Click search button
2020-28-08 09:55:02   INFO [pages.LoginPage] : LoginPage was opened
2020-28-08 09:55:03   INFO [libs.ActionsWithOurElements] : troianwork@gmail.com was inputted into input 
2020-28-08 09:55:03   INFO [libs.ActionsWithOurElements] : 1q2w3e4r5t was inputted into input 
2020-28-08 09:55:03   INFO [pages.LoginPage] : Button enter was clicked
2020-28-08 09:55:05   INFO [libs.ActionsWithOurElements] : Element was clicked
2020-28-08 09:55:05   INFO [libs.ActionsWithOurElements] : Element was clicked
2020-28-08 09:55:06   INFO [libs.ActionsWithOurElements] : AA010 was inputted into input 
2020-28-08 09:55:06   INFO [libs.ActionsWithOurElements] : Click search button
2020-28-08 09:55:15   INFO [pages.LoginPage] : LoginPage was opened
2020-28-08 09:55:15   INFO [libs.ActionsWithOurElements] : troianwork@gmail.com was inputted into input 
2020-28-08 09:55:16   INFO [libs.ActionsWithOurElements] : 1q2w3e4r5t was inputted into input 
2020-28-08 09:55:16   INFO [pages.LoginPage] : Button enter was clicked
2020-28-08 09:55:17   INFO [libs.ActionsWithOurElements] : Element was clicked
2020-28-08 09:55:18   INFO [libs.ActionsWithOurElements] : Element was clicked
2020-28-08 09:55:19   INFO [libs.ActionsWithOurElements] : Element was clicked
2020-28-08 09:55:29  ERROR [libs.ActionsWithOurElements] : Can not work with element
2020-28-08 09:55:37   INFO [pages.LoginPage] : LoginPage was opened
2020-28-08 09:55:37   INFO [libs.ActionsWithOurElements] : troianwork@gmail.com was inputted into input 
2020-28-08 09:55:38   INFO [libs.ActionsWithOurElements] : 1q2w3e4r5t was inputted into input 
2020-28-08 09:55:38   INFO [pages.LoginPage] : Button enter was clicked
2020-28-08 09:55:39   INFO [libs.ActionsWithOurElements] : Element was clicked
2020-28-08 09:55:40   INFO [libs.ActionsWithOurElements] : Element was clicked
2020-28-08 09:55:41   INFO [libs.ActionsWithOurElements] : Element was clicked
2020-28-08 09:55:41   INFO [libs.ActionsWithOurElements] : Element was clicked
2020-28-08 09:55:41   INFO [libs.ActionsWithOurElements] : Click search button
2020-28-08 09:55:51   INFO [pages.LoginPage] : LoginPage was opened
2020-28-08 09:55:51   INFO [libs.ActionsWithOurElements] : troianwork@gmail.com was inputted into input 
2020-28-08 09:55:51   INFO [libs.ActionsWithOurElements] : 1q2w3e4r5t was inputted into input 
2020-28-08 09:55:52   INFO [pages.LoginPage] : Button enter was clicked
2020-28-08 09:55:54   INFO [libs.ActionsWithOurElements] : Element was clicked
2020-28-08 09:55:55   INFO [libs.ActionsWithOurElements] : Element was clicked
2020-28-08 09:55:55   INFO [libs.ActionsWithOurElements] : test was inputted into input 
2020-28-08 09:55:55   INFO [libs.ActionsWithOurElements] : Click search button
2020-28-08 09:56:03   INFO [pages.LoginPage] : LoginPage was opened
2020-28-08 09:56:04   INFO [libs.ActionsWithOurElements] : troianwork@gmail.com was inputted into input 
2020-28-08 09:56:04   INFO [libs.ActionsWithOurElements] : 1q2w3e4r5t was inputted into input 
2020-28-08 09:56:04   INFO [pages.LoginPage] : Button enter was clicked
2020-28-08 09:56:06   INFO [libs.ActionsWithOurElements] : Element was clicked
2020-28-08 09:56:07   INFO [libs.ActionsWithOurElements] : Element was clicked
2020-28-08 09:56:07   INFO [libs.ActionsWithOurElements] : Element was clicked
2020-28-08 09:56:08   INFO [libs.ActionsWithOurElements] : Test Group Name was inputted into input 
2020-28-08 09:56:08   INFO [libs.ActionsWithOurElements] : Element was clicked
2020-28-08 09:56:08   INFO [libs.ActionsWithOurElements] : Click save button
2020-28-08 09:56:09   INFO [libs.ActionsWithOurElements] : Test Group Name was inputted into input 
2020-28-08 09:56:19  ERROR [libs.ActionsWithOurElements] : Can not work with element
2020-28-08 09:56:30   INFO [pages.LoginPage] : LoginPage was opened
2020-28-08 09:56:30   INFO [libs.ActionsWithOurElements] : troianwork@gmail.com was inputted into input 
2020-28-08 09:56:30   INFO [libs.ActionsWithOurElements] : 1q2w3e4r5t was inputted into input 
2020-28-08 09:56:31   INFO [pages.LoginPage] : Button enter was clicked
2020-28-08 09:56:33   INFO [libs.ActionsWithOurElements] : Element was clicked
2020-28-08 09:56:34   INFO [libs.ActionsWithOurElements] : Element was clicked
2020-28-08 09:56:47   INFO [pages.LoginPage] : LoginPage was opened
2020-28-08 09:56:48   INFO [libs.ActionsWithOurElements] : troianwork@gmail.com was inputted into input 
2020-28-08 09:56:48   INFO [libs.ActionsWithOurElements] : 1q2w3e4r5t was inputted into input 
2020-28-08 09:56:48   INFO [pages.LoginPage] : Button enter was clicked
2020-28-08 09:56:50   INFO [libs.ActionsWithOurElements] : Element was clicked
2020-28-08 09:56:51   INFO [libs.ActionsWithOurElements] : Element was clicked
2020-28-08 09:56:51   INFO [libs.ActionsWithOurElements] : Element was clicked
2020-28-08 09:57:01  ERROR [libs.ActionsWithOurElements] : Can not work with element
2020-28-08 09:57:15   INFO [pages.LoginPage] : LoginPage was opened
2020-28-08 09:57:16   INFO [libs.ActionsWithOurElements] : troianwork@gmail.com was inputted into input 
2020-28-08 09:57:16   INFO [libs.ActionsWithOurElements] : 1q2w3e4r5t was inputted into input 
2020-28-08 09:57:16   INFO [pages.LoginPage] : Button enter was clicked
2020-28-08 09:57:18   INFO [libs.ActionsWithOurElements] : Element was clicked
2020-28-08 09:57:19   INFO [libs.ActionsWithOurElements] : Element was clicked
2020-28-08 09:57:20   INFO [libs.ActionsWithOurElements] : Element was clicked
2020-28-08 09:57:21   INFO [libs.ActionsWithOurElements] : Test Group Name Edit was inputted into input 
2020-28-08 09:57:31  ERROR [libs.ActionsWithOurElements] : Can not work with element
2020-28-08 09:57:46   INFO [pages.LoginPage] : LoginPage was opened
2020-28-08 09:57:47   INFO [libs.ActionsWithOurElements] : troianwork@gmail.com was inputted into input 
2020-28-08 09:57:47   INFO [libs.ActionsWithOurElements] : 1q2w3e4r5t was inputted into input 
2020-28-08 09:57:47   INFO [pages.LoginPage] : Button enter was clicked
2020-28-08 09:57:51   INFO [libs.ActionsWithOurElements] : Element was clicked
2020-28-08 09:57:52   INFO [libs.ActionsWithOurElements] : Element was clicked
2020-28-08 09:57:52   INFO [libs.ActionsWithOurElements] : Element was clicked
2020-28-08 09:57:53   INFO [libs.ActionsWithOurElements] : Element was clicked
2020-28-08 09:57:53   INFO [libs.ActionsWithOurElements] : Element was clicked
2020-28-08 09:57:53   INFO [libs.ActionsWithOurElements] : Test Test was inputted into input 
2020-28-08 09:57:54   INFO [libs.ActionsWithOurElements] : 1578487894561235 was inputted into input 
2020-28-08 09:57:54   INFO [libs.ActionsWithOurElements] : 581365811 was inputted into input 
2020-28-08 09:57:54   INFO [libs.ActionsWithOurElements] : Element was clicked
2020-28-08 09:57:54   INFO [libs.ActionsWithOurElements] : Element was clicked
2020-28-08 09:57:54   INFO [libs.ActionsWithOurElements] : Element was clicked
2020-28-08 09:57:55   INFO [libs.ActionsWithOurElements] : Test Test was inputted into input 
2020-28-08 09:57:56   INFO [libs.ActionsWithOurElements] : Click search button
2020-28-08 09:57:56   INFO [libs.ActionsWithOurElements] : Element was clicked
2020-28-08 09:57:56   INFO [libs.ActionsWithOurElements] : Element was clicked
2020-28-08 09:57:56   INFO [libs.ActionsWithOurElements] : Element was clicked
2020-28-08 09:58:12   INFO [pages.LoginPage] : LoginPage was opened
2020-28-08 09:58:13   INFO [libs.ActionsWithOurElements] : troianwork@gmail.com was inputted into input 
2020-28-08 09:58:14   INFO [libs.ActionsWithOurElements] : 1q2w3e4r5t was inputted into input 
2020-28-08 09:58:14   INFO [pages.LoginPage] : Button enter was clicked
2020-28-08 09:58:16   INFO [libs.ActionsWithOurElements] : Element was clicked
2020-28-08 09:58:17   INFO [libs.ActionsWithOurElements] : Element was clicked
2020-28-08 09:58:18   INFO [libs.ActionsWithOurElements] : Element was clicked
2020-28-08 09:58:19   INFO [libs.ActionsWithOurElements] : Test Test was inputted into input 
2020-28-08 09:58:20   INFO [libs.ActionsWithOurElements] : 1578487894561235 was inputted into input 
2020-28-08 09:58:20   INFO [libs.ActionsWithOurElements] : 581365811 was inputted into input 
2020-28-08 09:58:20   INFO [libs.ActionsWithOurElements] : Element was clicked
2020-28-08 09:58:20   INFO [libs.ActionsWithOurElements] : Element was clicked
2020-28-08 09:58:20   INFO [libs.ActionsWithOurElements] : Element was clicked
2020-28-08 09:58:21   INFO [libs.ActionsWithOurElements] : 1578487894561235 was inputted into input 
2020-28-08 09:58:21   INFO [libs.ActionsWithOurElements] : Click search button
2020-28-08 09:58:21   INFO [libs.ActionsWithOurElements] : Element was clicked
2020-28-08 09:58:22   INFO [libs.ActionsWithOurElements] : Element was clicked
2020-28-08 09:58:22   INFO [libs.ActionsWithOurElements] : Element was clicked
2020-28-08 09:58:34   INFO [pages.LoginPage] : LoginPage was opened
2020-28-08 09:58:35   INFO [libs.ActionsWithOurElements] : troianwork@gmail.com was inputted into input 
2020-28-08 09:58:36   INFO [libs.ActionsWithOurElements] : 1q2w3e4r5t was inputted into input 
2020-28-08 09:58:36   INFO [pages.LoginPage] : Button enter was clicked
2020-28-08 09:58:39   INFO [libs.ActionsWithOurElements] : Element was clicked
2020-28-08 09:58:40   INFO [libs.ActionsWithOurElements] : Element was clicked
2020-28-08 09:58:40   INFO [libs.ActionsWithOurElements] : Element was clicked
2020-28-08 09:58:41   INFO [libs.ActionsWithOurElements] : Test Test was inputted into input 
2020-28-08 09:58:41   INFO [libs.ActionsWithOurElements] : 1578487894561235 was inputted into input 
2020-28-08 09:58:42   INFO [libs.ActionsWithOurElements] : 581365811 was inputted into input 
2020-28-08 09:58:42   INFO [libs.ActionsWithOurElements] : Element was clicked
2020-28-08 09:58:42   INFO [libs.ActionsWithOurElements] : Element was clicked
2020-28-08 09:58:43   INFO [libs.ActionsWithOurElements] : Element was clicked
2020-28-08 09:58:44   INFO [libs.ActionsWithOurElements] : Test Test was inputted into input 
2020-28-08 09:58:44   INFO [libs.ActionsWithOurElements] : Click search button
2020-28-08 09:58:45   INFO [libs.ActionsWithOurElements] : Element was clicked
2020-28-08 09:58:45   INFO [libs.ActionsWithOurElements] : Element was clicked
2020-28-08 09:58:45   INFO [libs.ActionsWithOurElements] : Element was clicked
2020-28-08 09:58:46   INFO [libs.ActionsWithOurElements] : Test Test was inputted into input 
2020-28-08 09:58:46   INFO [libs.ActionsWithOurElements] : Click search button
2020-28-08 09:58:47   INFO [libs.ActionsWithOurElements] : Element was clicked
2020-28-08 09:58:47   INFO [libs.ActionsWithOurElements] : Element was clicked
2020-28-08 09:58:47   INFO [libs.ActionsWithOurElements] : Element was clicked
2020-28-08 09:59:03   INFO [pages.LoginPage] : LoginPage was opened
2020-28-08 09:59:03   INFO [libs.ActionsWithOurElements] : troianwork@gmail.com was inputted into input 
2020-28-08 09:59:04   INFO [libs.ActionsWithOurElements] : 1q2w3e4r5t was inputted into input 
2020-28-08 09:59:04   INFO [pages.LoginPage] : Button enter was clicked
2020-28-08 09:59:06   INFO [libs.ActionsWithOurElements] : Element was clicked
2020-28-08 09:59:07   INFO [libs.ActionsWithOurElements] : Element was clicked
2020-28-08 09:59:08   INFO [libs.ActionsWithOurElements] : Element was clicked
2020-28-08 09:59:08   INFO [libs.ActionsWithOurElements] : Test Test was inputted into input 
2020-28-08 09:59:09   INFO [libs.ActionsWithOurElements] : 1578487894561235 was inputted into input 
2020-28-08 09:59:09   INFO [libs.ActionsWithOurElements] : 581365811 was inputted into input 
2020-28-08 09:59:09   INFO [libs.ActionsWithOurElements] : Element was clicked
2020-28-08 09:59:09   INFO [libs.ActionsWithOurElements] : Element was clicked
2020-28-08 09:59:10   INFO [libs.ActionsWithOurElements] : Element was clicked
2020-28-08 09:59:11   INFO [libs.ActionsWithOurElements] : Test Test was inputted into input 
2020-28-08 09:59:11   INFO [libs.ActionsWithOurElements] : Click search button
2020-28-08 09:59:11   INFO [libs.ActionsWithOurElements] : Element was clicked
2020-28-08 09:59:12   INFO [libs.ActionsWithOurElements] : Element was clicked
2020-28-08 09:59:13   INFO [libs.ActionsWithOurElements] : Edit Test was inputted into input 
2020-28-08 09:59:13   INFO [libs.ActionsWithOurElements] : 5321654987848751 was inputted into input 
2020-28-08 09:59:13   INFO [libs.ActionsWithOurElements] : 00000000001 was inputted into input 
2020-28-08 09:59:13   INFO [libs.ActionsWithOurElements] : Element was clicked
2020-28-08 09:59:14   INFO [libs.ActionsWithOurElements] : Edit Test was inputted into input 
2020-28-08 09:59:14   INFO [libs.ActionsWithOurElements] : Click search button
2020-28-08 09:59:14   INFO [libs.ActionsWithOurElements] : Element was clicked
2020-28-08 09:59:15   INFO [libs.ActionsWithOurElements] : Element was clicked
2020-28-08 09:59:15   INFO [libs.ActionsWithOurElements] : Element was clicked
2020-25-09 11:14:24   INFO [pages.LoginPage] : LoginPage was opened
2020-25-09 11:14:24   INFO [libs.ActionsWithOurElements] : troianwork@gmail.com was inputted into input 
2020-25-09 11:14:25   INFO [libs.ActionsWithOurElements] : 1q2w3e4r5t was inputted into input 
2020-25-09 11:14:25   INFO [pages.LoginPage] : Button enter was clicked
2020-25-09 11:14:26   INFO [libs.ActionsWithOurElements] : Element was clicked
2020-25-09 11:14:26   INFO [libs.ActionsWithOurElements] : Element was clicked
2020-25-09 17:13:28   INFO [pages.LoginPage] : LoginPage was opened
2020-25-09 17:13:28   INFO [libs.ActionsWithOurElements] : troianwork@gmail.com was inputted into input 
2020-25-09 17:13:28   INFO [libs.ActionsWithOurElements] : 1q2w3e4r5t was inputted into input 
2020-25-09 17:13:28   INFO [pages.LoginPage] : Button enter was clicked
2020-25-09 17:13:29   INFO [libs.ActionsWithOurElements] : Element was clicked
2020-25-09 17:13:30   INFO [libs.ActionsWithOurElements] : Element was clicked
2020-25-09 17:47:22   INFO [pages.LoginPage] : LoginPage was opened
2020-25-09 17:47:22   INFO [libs.ActionsWithOurElements] : troianwork@gmail.com was inputted into input 
2020-25-09 17:47:22   INFO [libs.ActionsWithOurElements] : 1q2w3e4r5t was inputted into input 
2020-25-09 17:47:22   INFO [pages.LoginPage] : Button enter was clicked
2020-25-09 17:47:23   INFO [libs.ActionsWithOurElements] : Element was clicked
2020-25-09 17:47:23   INFO [libs.ActionsWithOurElements] : Element was clicked
2020-25-09 17:47:24   INFO [libs.ActionsWithOurElements] : AA010 was inputted into input 
2020-25-09 17:47:24   INFO [libs.ActionsWithOurElements] : Click search button
