2019-18-06 12:54:48   INFO [pages.LoginPage] : LoginPage was opened
2019-18-06 19:43:41   INFO [pages.LoginPage] : LoginPage was opened
2019-18-06 20:46:02   INFO [pages.LoginPage] : LoginPage was opened
2019-18-06 20:46:02   INFO [pages.LoginPage] : Student was inputted into Login 
2019-18-06 20:46:13  ERROR [pages.LoginPage] : Can not work with element
2019-18-06 20:47:30   INFO [pages.LoginPage] : LoginPage was opened
2019-18-06 20:47:31   INFO [pages.LoginPage] : Student was inputted into Login 
2019-18-06 20:47:31   INFO [pages.LoginPage] : 909090 was inputed into Password
2019-18-06 20:47:31   INFO [pages.LoginPage] : Button enter was clicked
2019-19-06 10:59:40   INFO [pages.LoginPage] : LoginPage was opened
2019-19-06 10:59:40   INFO [pages.LoginPage] : Student was inputted into Login 
2019-19-06 10:59:40   INFO [pages.LoginPage] : 909090 was inputed into Password
2019-19-06 10:59:41   INFO [pages.LoginPage] : Button enter was clicked
2019-19-06 12:43:19   INFO [pages.LoginPage] : LoginPage was opened
2019-19-06 12:43:19   INFO [pages.LoginPage] : troianwork@gmail.com was inputted into Login 
2019-19-06 12:43:19   INFO [pages.LoginPage] : 1q2w3e4r was inputed into Password
2019-19-06 12:43:19   INFO [pages.LoginPage] : Button enter was clicked
2019-19-06 12:43:19   INFO [pages.HomePage] : https://dev.fleethand.com/auth/login
2019-19-06 14:53:41   INFO [pages.LoginPage] : LoginPage was opened
2019-19-06 14:53:42   INFO [pages.LoginPage] : troianwork@gmail.com was inputted into Login 
2019-19-06 14:53:42   INFO [pages.LoginPage] : 1q2w3e4r was inputed into Password
2019-19-06 14:53:42   INFO [pages.LoginPage] : Button enter was clicked
2019-19-06 14:53:52   INFO [pages.LoginPage] : Button Logo was clicked
2019-19-06 14:57:28   INFO [pages.LoginPage] : LoginPage was opened
2019-19-06 14:57:28   INFO [pages.LoginPage] : troianwork@gmail.com was inputted into Login 
2019-19-06 14:57:28   INFO [pages.LoginPage] : 1q2w3e4r was inputed into Password
2019-19-06 14:57:28   INFO [pages.LoginPage] : Button enter was clicked
2019-19-06 14:57:38  ERROR [pages.LoginPage] : Can not work with element
2019-19-06 14:58:17   INFO [pages.LoginPage] : LoginPage was opened
2019-19-06 14:58:18   INFO [pages.LoginPage] : troianwork@gmail.com was inputted into Login 
2019-19-06 14:58:18   INFO [pages.LoginPage] : 1q2w3e4r was inputed into Password
2019-19-06 14:58:18   INFO [pages.LoginPage] : Button enter was clicked
2019-19-06 14:58:28  ERROR [pages.LoginPage] : Can not work with element
2019-19-06 15:06:30   INFO [pages.LoginPage] : LoginPage was opened
2019-19-06 15:06:30   INFO [pages.LoginPage] : troianwork@gmail.com was inputted into Login 
2019-19-06 15:06:30   INFO [pages.LoginPage] : 1q2w3e4r was inputed into Password
2019-19-06 15:06:30   INFO [pages.LoginPage] : Button enter was clicked
2019-19-06 15:06:30   INFO [pages.HomePage] : 10 second timer for download started
2019-19-06 15:06:41  ERROR [pages.LoginPage] : Can not work with element
2019-19-06 15:08:34   INFO [pages.LoginPage] : LoginPage was opened
2019-19-06 15:08:35   INFO [pages.LoginPage] : troianwork@gmail.com was inputted into Login 
2019-19-06 15:08:35   INFO [pages.LoginPage] : 1q2w3e4r was inputed into Password
2019-19-06 15:08:35   INFO [pages.LoginPage] : Button enter was clicked
2019-19-06 15:08:35   INFO [pages.HomePage] : 10 second timer for download started
2019-19-06 15:08:46  ERROR [pages.LoginPage] : Can not work with element
2019-19-06 15:13:45   INFO [pages.LoginPage] : LoginPage was opened
2019-19-06 15:13:45   INFO [pages.LoginPage] : troianwork@gmail.com was inputted into Login 
2019-19-06 15:13:45   INFO [pages.LoginPage] : 1q2w3e4r was inputed into Password
2019-19-06 15:13:45   INFO [pages.LoginPage] : Button enter was clicked
2019-19-06 15:13:45   INFO [pages.HomePage] : 10 second timer for download started
2019-19-06 15:13:56  ERROR [pages.LoginPage] : Can not work with element
2019-19-06 15:15:55   INFO [pages.LoginPage] : LoginPage was opened
2019-19-06 15:15:55   INFO [pages.LoginPage] : troianwork@gmail.com was inputted into Login 
2019-19-06 15:15:55   INFO [pages.LoginPage] : 1q2w3e4r was inputed into Password
2019-19-06 15:15:55   INFO [pages.LoginPage] : Button enter was clicked
2019-19-06 15:15:55   INFO [pages.HomePage] : 10 second timer for download started
2019-19-06 15:15:55   INFO [pages.HomePage] : https://dev.fleethand.com/auth/login
2019-19-06 15:25:42   INFO [pages.LoginPage] : LoginPage was opened
2019-19-06 15:25:42   INFO [pages.LoginPage] : troianwork@gmail.com was inputted into Login 
2019-19-06 15:25:42   INFO [pages.LoginPage] : 1q2w3e4r was inputed into Password
2019-19-06 15:25:42   INFO [pages.LoginPage] : Button enter was clicked
2019-19-06 15:25:42   INFO [pages.HomePage] : 10 second timer for download started
2019-19-06 15:25:43   INFO [pages.LoginPage] : Button Logo was clicked
2019-19-06 15:25:43   INFO [pages.HomePage] : https://dev.fleethand.com/monitor
2019-19-06 15:30:02   INFO [pages.LoginPage] : LoginPage was opened
2019-19-06 15:30:03   INFO [pages.LoginPage] : troianwork@gmail.com was inputted into Login 
2019-19-06 15:30:03   INFO [pages.LoginPage] : 1q2w3e4r was inputed into Password
2019-19-06 15:30:03   INFO [pages.LoginPage] : Button enter was clicked
2019-19-06 15:30:03   INFO [pages.HomePage] : 10 second timer for download started
2019-19-06 15:30:04   INFO [pages.LoginPage] : Button User was clicked
2019-19-06 15:30:04   INFO [pages.HomePage] : https://dev.fleethand.com/monitor
2019-19-06 16:03:12   INFO [pages.LoginPage] : LoginPage was opened
2019-19-06 16:03:12   INFO [pages.LoginPage] : troianwork@gmail.com was inputted into Login 
2019-19-06 16:03:12   INFO [pages.LoginPage] : 1q2w3e4r was inputed into Password
2019-19-06 16:03:12   INFO [pages.LoginPage] : Button enter was clicked
2019-19-06 16:03:12   INFO [pages.HomePage] : 10 second timer for download started
2019-19-06 16:03:13   INFO [pages.LoginPage] : Button User was clicked
2019-19-06 16:03:13   INFO [pages.HomePage] : https://dev.fleethand.com/monitor
2019-19-06 16:06:28   INFO [pages.LoginPage] : LoginPage was opened
2019-19-06 16:06:28   INFO [pages.LoginPage] : troianwork@gmail.com was inputted into Login 
2019-19-06 16:06:28   INFO [pages.LoginPage] : 1q2w3e4r was inputed into Password
2019-19-06 16:06:28   INFO [pages.LoginPage] : Button enter was clicked
2019-19-06 16:06:28   INFO [pages.HomePage] : 10 second timer for download started
2019-19-06 16:06:29   INFO [pages.LoginPage] : Button User was clicked
2019-19-06 16:06:29   INFO [pages.HomePage] : https://dev.fleethand.com/monitor
2019-19-06 16:06:29   INFO [pages.HomePage] : It is expected URL
2019-19-06 16:10:40   INFO [pages.LoginPage] : LoginPage was opened
2019-19-06 16:10:40   INFO [pages.LoginPage] : troianwork@gmail.com was inputted into Login 
2019-19-06 16:10:40   INFO [pages.LoginPage] : 1q2w3e4r was inputed into Password
2019-19-06 16:10:40   INFO [pages.LoginPage] : Button enter was clicked
2019-19-06 16:10:40   INFO [pages.HomePage] : 10 second timer for download started
2019-19-06 16:10:41   INFO [pages.LoginPage] : Button User was clicked
2019-19-06 16:10:41   INFO [pages.HomePage] : https://dev.fleethand.com/monitor
2019-19-06 16:10:41   INFO [pages.HomePage] : It is expected URL
2019-19-06 16:11:40   INFO [pages.LoginPage] : LoginPage was opened
2019-19-06 16:11:40   INFO [pages.LoginPage] : troianwork@gmail.com was inputted into Login 
2019-19-06 16:11:41   INFO [pages.LoginPage] : 1q2w3e4r was inputed into Password
2019-19-06 16:11:41   INFO [pages.LoginPage] : Button enter was clicked
2019-19-06 16:11:41   INFO [pages.HomePage] : 10 second timer for download started
2019-19-06 16:11:41   INFO [pages.LoginPage] : Button User was clicked
2019-19-06 16:11:41   INFO [pages.HomePage] : https://dev.fleethand.com/monitor
2019-19-06 16:15:53   INFO [pages.LoginPage] : LoginPage was opened
2019-19-06 16:15:53   INFO [pages.LoginPage] : troianwork@gmail.com was inputted into Login 
2019-19-06 16:15:53   INFO [pages.LoginPage] : 1q2w3e4r was inputed into Password
2019-19-06 16:15:54   INFO [pages.LoginPage] : Button enter was clicked
2019-19-06 16:15:54   INFO [pages.HomePage] : 10 second timer for download started
2019-19-06 16:15:54   INFO [pages.LoginPage] : Button User was clicked
2019-19-06 16:15:54   INFO [pages.HomePage] : https://dev.fleethand.com/monitor
2019-19-06 16:15:54   INFO [pages.HomePage] : It is expected URL
2019-19-06 17:53:47   INFO [pages.LoginPage] : LoginPage was opened
2019-19-06 17:53:47   INFO [pages.LoginPage] : troianwork@gmail.com was inputted into Login 
2019-19-06 17:53:47   INFO [pages.LoginPage] : 1q2w3e4r was inputed into Password
2019-19-06 17:53:47   INFO [pages.LoginPage] : Button enter was clicked
2019-19-06 17:53:47   INFO [pages.HomePage] : 10 second timer for download started
2019-20-06 14:35:21   INFO [pages.LoginPage] : LoginPage was opened
2019-20-06 14:35:21   INFO [pages.LoginPage] : troianwork@gmail.com was inputted into Login 
2019-20-06 14:35:21   INFO [pages.LoginPage] : 1q2w3e4r was inputed into Password
2019-20-06 14:35:22   INFO [pages.LoginPage] : Button enter was clicked
2019-20-06 14:35:22   INFO [pages.HomePage] : 10 second timer for download started
2019-20-06 14:47:58   INFO [pages.LoginPage] : LoginPage was opened
2019-20-06 14:47:59   INFO [pages.LoginPage] : troianwork@gmail.com was inputted into Login 
2019-20-06 14:47:59   INFO [pages.LoginPage] : 1q2w3e4r was inputed into Password
2019-20-06 14:47:59   INFO [pages.LoginPage] : Button enter was clicked
2019-20-06 14:47:59   INFO [pages.HomePage] : 10 second timer for download started
2019-20-06 14:48:00   INFO [pages.LoginPage] : Button User was clicked
2019-20-06 14:48:00   INFO [pages.HomePage] : https://dev.fleethand.com/monitor
2019-20-06 14:48:00   INFO [pages.HomePage] : It is expected URL
2019-20-06 15:55:06   INFO [pages.LoginPage] : LoginPage was opened
2019-20-06 15:55:06   INFO [pages.LoginPage] : troianwork@gmail.com was inputted into Login 
2019-20-06 15:55:06   INFO [pages.LoginPage] : 1q2w3e4r was inputed into Password
2019-20-06 15:55:06   INFO [pages.LoginPage] : Button enter was clicked
2019-20-06 15:55:06   INFO [pages.HomePage] : 10 second timer for download started
2019-20-06 15:55:07   INFO [pages.LoginPage] : Button User was clicked
2019-26-06 15:58:22   INFO [pages.LoginPage] : LoginPage was opened
2019-26-06 15:58:23   INFO [pages.LoginPage] : troianwork@gmail.com was inputted into Login 
2019-26-06 15:58:23   INFO [pages.LoginPage] : 1q2w3e4r was inputed into Password
2019-26-06 15:58:24   INFO [pages.LoginPage] : Button enter was clicked
2019-26-06 15:58:24   INFO [pages.HomePage] : 10 second timer for download started
2019-26-06 15:59:06   INFO [pages.LoginPage] : LoginPage was opened
2019-26-06 15:59:07   INFO [pages.LoginPage] : troianwork@gmail.com was inputted into Login 
2019-26-06 15:59:07   INFO [pages.LoginPage] : 1q2w3e4r was inputed into Password
2019-26-06 15:59:07   INFO [pages.LoginPage] : Button enter was clicked
2019-26-06 15:59:07   INFO [pages.HomePage] : 10 second timer for download started
2019-26-06 15:59:08   INFO [pages.LoginPage] : Button User was clicked
2019-26-06 15:59:08   INFO [pages.HomePage] : https://dev.fleethand.com/monitor
2019-26-06 15:59:08   INFO [pages.HomePage] : It is expected URL
2019-26-06 15:59:45   INFO [pages.LoginPage] : LoginPage was opened
2019-26-06 15:59:45   INFO [pages.LoginPage] : troianwork@gmail.com was inputted into Login 
2019-26-06 15:59:45   INFO [pages.LoginPage] : 1q2w3e4r was inputed into Password
2019-26-06 15:59:45   INFO [pages.LoginPage] : Button enter was clicked
2019-26-06 15:59:46   INFO [pages.HomePage] : 10 second timer for download started
2019-26-06 16:58:59   INFO [pages.LoginPage] : LoginPage was opened
2019-26-06 16:59:00   INFO [pages.LoginPage] : troianwork@gmail.com was inputted into Login 
2019-26-06 16:59:00   INFO [pages.LoginPage] : 1q2w3e4r was inputed into Password
2019-26-06 16:59:00   INFO [pages.LoginPage] : Button enter was clicked
2019-26-06 16:59:00   INFO [pages.HomePage] : 10 second timer for download started
2019-26-06 16:59:01   INFO [pages.LoginPage] : Button User was clicked
2019-26-06 16:59:01   INFO [pages.HomePage] : https://dev.fleethand.com/monitor
2019-26-06 16:59:01   INFO [pages.HomePage] : It is expected URL
